<?xml version="1.0" encoding="UTF-8"?>
<!-- Generated by org.testng.reporters.JUnitXMLReporter -->
<testsuite ignored="0" hostname="Sanj" failures="0" tests="4" name="ChromeTest" time="61.527" errors="0" timestamp="2023-11-05T22:25:45 IST">
  <testcase classname="testScripts.Mahindra" name="mahindra" time="28.776"/>
  <testcase classname="testScripts.bmw" name="bmwcar" time="1.234"/>
  <testcase classname="testScripts.TATA" name="tata" time="5.684"/>
  <testcase classname="testScripts.kia" name="Kia" time="57.412"/>
</testsuite> <!-- ChromeTest -->
