<?xml version="1.0" encoding="UTF-8"?>
<!-- Generated by org.testng.reporters.JUnitXMLReporter -->
<testsuite ignored="0" hostname="Sanj" failures="0" tests="4" name="EdgeTest" time="53.783" errors="0" timestamp="2023-11-05T22:25:38 IST">
  <testcase classname="testScripts.kia" name="Kia" time="2.399"/>
  <testcase classname="testScripts.bmw" name="bmwcar" time="9.034"/>
  <testcase classname="testScripts.TATA" name="tata" time="0.602"/>
  <testcase classname="testScripts.Mahindra" name="mahindra" time="49.565"/>
</testsuite> <!-- EdgeTest -->
