<?xml version="1.0" encoding="UTF-8"?>
<!-- Generated by org.testng.reporters.JUnitXMLReporter -->
<testsuite ignored="0" hostname="Sanj" failures="0" tests="4" name="EdgeTest" time="31.811" errors="0" timestamp="2023-11-21T13:21:07 IST">
  <testcase classname="testScripts.kia" name="Kia" time="10.399"/>
  <testcase classname="testScripts.Mahindra" name="mahindra" time="4.166"/>
  <testcase classname="testScripts.bmw" name="bmwcar" time="3.019"/>
  <testcase classname="testScripts.TATA" name="tata" time="2.191"/>
</testsuite> <!-- EdgeTest -->
