<?xml version="1.0" encoding="UTF-8"?>
<!-- Generated by org.testng.reporters.JUnitXMLReporter -->
<testsuite ignored="1" hostname="Sanj" failures="1" tests="2" name="Test" time="15.724" errors="0" timestamp="2023-09-21T00:00:44 IST">
  <testcase classname="configAnnotations.TC_001" name="script" time="9.005"/>
  <testcase classname="configAnnotations.TC_002" name="leadspageDisplayed" time="0.003">
    <failure type="java.lang.NullPointerException" message="Cannot invoke &amp;quot;org.openqa.selenium.WebDriver.findElement(org.openqa.selenium.By)&amp;quot; because &amp;quot;this.driver&amp;quot; is null">
      <![CDATA[java.lang.NullPointerException: Cannot invoke "org.openqa.selenium.WebDriver.findElement(org.openqa.selenium.By)" because "this.driver" is null
at configAnnotations.TC_002.leadspageDisplayed(TC_002.java:14)
at java.base/java.util.ArrayList.forEach(ArrayList.java:1511)
... Removed 27 stack frames]]>
    </failure>
  </testcase> <!-- leadspageDisplayed -->
  <testcase classname="configAnnotations.BaseClass" name="@BeforeTest browserSetup" time="0.0">
    <ignored/>
  </testcase> <!-- @BeforeTest browserSetup -->
</testsuite> <!-- Test -->
