<?xml version="1.0" encoding="UTF-8"?>
<testng-results ignored="0" total="1" passed="1" failed="0" skipped="0">
  <reporter-output>
  </reporter-output>
  <suite started-at="2023-11-10T13:38:09 IST" name="Default suite" finished-at="2023-11-10T13:38:09 IST" duration-ms="108">
    <groups>
    </groups>
    <test started-at="2023-11-10T13:38:09 IST" name="Default test" finished-at="2023-11-10T13:38:09 IST" duration-ms="108">
      <class name="ReadFromFiles.ReadDataFromPropertyFile">
        <test-method signature="getData()[pri:0, instance:ReadFromFiles.ReadDataFromPropertyFile@1af2d44a]" started-at="2023-11-10T13:38:09 IST" name="getData" finished-at="2023-11-10T13:38:09 IST" duration-ms="18" status="PASS">
          <reporter-output>
          </reporter-output>
        </test-method> <!-- getData -->
      </class> <!-- ReadFromFiles.ReadDataFromPropertyFile -->
    </test> <!-- Default test -->
  </suite> <!-- Default suite -->
</testng-results>
