<?xml version="1.0" encoding="UTF-8"?>
<testng-results ignored="0" total="0" passed="0" failed="0" skipped="0">
  <reporter-output>
  </reporter-output>
  <suite started-at="2024-03-21T16:04:10 IST" name="Suite" finished-at="2024-03-21T16:04:11 IST" duration-ms="134">
    <groups>
    </groups>
    <test started-at="2024-03-21T16:04:10 IST" name="ChromeTest" finished-at="2024-03-21T16:04:10 IST" duration-ms="28">
    </test> <!-- ChromeTest -->
    <test started-at="2024-03-21T16:04:11 IST" name="edeTest" finished-at="2024-03-21T16:04:11 IST" duration-ms="2">
    </test> <!-- edeTest -->
  </suite> <!-- Suite -->
</testng-results>
